<?xml version="1.0" encoding="UTF-8"?>
<!-- Generated by org.testng.reporters.JUnitReportReporter -->
<testsuite hostname="DESKTOP-LGK0HOD" name="com.actitime.logintest.VerifyHomePageTest" tests="2" failures="0" timestamp="11 Mar 2019 19:05:23 GMT" time="30.422" errors="0">
  <testcase name="verifyHomePageTest" time="24.697" classname="com.actitime.logintest.VerifyHomePageTest"/>
  <testcase name="verifyLogoOnHomePage" time="5.725" classname="com.actitime.logintest.VerifyHomePageTest"/>
</testsuite> <!-- com.actitime.logintest.VerifyHomePageTest -->
