<?xml version="1.0" encoding="UTF-8"?>
<!-- Generated by org.testng.reporters.JUnitReportReporter -->
<testsuite hostname="DESKTOP-LGK0HOD" name="com.actitime.customertest.createCustomerTest" tests="2" failures="0" timestamp="11 Mar 2019 19:05:23 GMT" time="28.050" errors="0">
  <testcase name="createCustomerTest" time="16.979" classname="com.actitime.customertest.createCustomerTest"/>
  <testcase name="createcustomerwithdescription" time="11.071" classname="com.actitime.customertest.createCustomerTest"/>
</testsuite> <!-- com.actitime.customertest.createCustomerTest -->
