<?xml version="1.0" encoding="UTF-8"?>
<!-- Generated by org.testng.reporters.JUnitReportReporter -->
<testsuite hostname="DESKTOP-LGK0HOD" name="com.actitime.customertest.createCustomerTest" tests="2" failures="0" timestamp="11 Mar 2019 17:14:11 GMT" time="24.588" errors="0">
  <testcase name="createCustomerTest" time="12.684" classname="com.actitime.customertest.createCustomerTest"/>
  <testcase name="createcustomerwithdescription" time="11.904" classname="com.actitime.customertest.createCustomerTest"/>
</testsuite> <!-- com.actitime.customertest.createCustomerTest -->
